<?xml version="1.0" encoding="UTF-8"?>
<!-- Generated by org.testng.reporters.JUnitReportReporter -->
<testsuite hostname="Akash-PC" failures="0" tests="1" name="com.automation.tests.AddProductsToCartTest" time="27.798" errors="0" timestamp="2021-02-10T14:09:16 IST" skipped="0">
  <testcase classname="com.automation.tests.AddProductsToCartTest" name="addProductsToCart" time="27.798"/>
  <system-out/>
</testsuite> <!-- com.automation.tests.AddProductsToCartTest -->
